<?xml version="1.0" encoding="UTF-8"?>
<testng-results skipped="0" failed="0" ignored="0" total="1" passed="1">
  <reporter-output>
  </reporter-output>
  <suite name="Default suite" duration-ms="73077" started-at="2020-07-10T03:55:27 EET" finished-at="2020-07-10T03:56:40 EET">
    <groups>
    </groups>
    <test name="Default test" duration-ms="73077" started-at="2020-07-10T03:55:27 EET" finished-at="2020-07-10T03:56:40 EET">
      <class name="ZeynepDinc.APITesti.Soru3Test">
        <test-method status="PASS" signature="f()[pri:0, instance:ZeynepDinc.APITesti.Soru3Test@15d0c81b]" name="f" duration-ms="72982" started-at="2020-07-10T03:55:27 EET" finished-at="2020-07-10T03:56:40 EET">
          <reporter-output>
          </reporter-output>
        </test-method> <!-- f -->
      </class> <!-- ZeynepDinc.APITesti.Soru3Test -->
    </test> <!-- Default test -->
  </suite> <!-- Default suite -->
</testng-results>
